<?xml version="1.0" encoding="UTF-8"?>
<beans xmlns="http://www.springframework.org/schema/beans"
	xmlns:xsi="http://www.w3.org/2001/XMLSchema-instance" xmlns:aop="http://www.springframework.org/schema/aop"
	xmlns:tx="http://www.springframework.org/schema/tx" xmlns:context="http://www.springframework.org/schema/context"
	xsi:schemaLocation="
			http://www.springframework.org/schema/beans 
			http://www.springframework.org/schema/beans/spring-beans-3.0.xsd
			http://www.springframework.org/schema/aop 
			http://www.springframework.org/schema/aop/spring-aop-3.0.xsd
			http://www.springframework.org/schema/tx 
			http://www.springframework.org/schema/tx/spring-tx-3.0.xsd
			http://www.springframework.org/schema/context 
			http://www.springframework.org/schema/context/spring-context-3.0.xsd">
	
	<!-- 启动注解配置 -->
	<context:annotation-config />
	
	<bean id="userDao" class="org.easymock.EasyMock" factory-method="createStrictMock">
		<constructor-arg value="cn.wxn.demo.cms_core.dao.IUserDao"></constructor-arg>
	</bean>
	
	<bean id="roleDao" class="org.easymock.EasyMock" factory-method="createStrictMock">
		<constructor-arg value="cn.wxn.demo.cms_core.dao.IRoleDao"></constructor-arg>
	</bean>
	
	<bean id="groupDao" class="org.easymock.EasyMock" factory-method="createStrictMock">
		<constructor-arg value="cn.wxn.demo.cms_core.dao.IGroupDao"></constructor-arg>
	</bean>
	
	<bean id="userService" class="cn.wxn.demo.cms_user.service.UserService">
		<property name="userDao" ref="userDao"></property>
		<property name="roleDao" ref="roleDao"></property>
		<property name="groupDao" ref="groupDao"></property>
	</bean>
	
	
</beans>